2023-01-25 11:46:13.530530519 +0100 CET INFO - F.F(00000000)
2023-01-25 11:46:13.543285509 +0100 CET INFO - 0.0.0(100010404)
2023-01-25 11:46:13.569965487 +0100 CET INFO - 0.0.1(G23-511-C.01/543-008079)
2023-01-25 11:46:13.579920227 +0100 CET INFO - C.70.0()
2023-01-25 11:46:13.592452631 +0100 CET INFO - 1.128.0(0.000*kWh)
2023-01-25 11:46:13.600336063 +0100 CET INFO - 0.1.0(91)
2023-01-25 11:46:13.616120875 +0100 CET INFO - 0.1.2*91(23-01-01 00:00)
2023-01-25 11:46:13.631387180 +0100 CET INFO - 0.1.2*90(22-12-01 00:00)
2023-01-25 11:46:13.647756083 +0100 CET INFO - 0.1.2*89(22-11-01 00:00)
2023-01-25 11:46:13.668862937 +0100 CET INFO - 0.1.2*88(22-10-01 00:00)
2023-01-25 11:46:13.688481664 +0100 CET INFO - 0.1.2*87(22-09-01 00:00)
2023-01-25 11:46:13.707905602 +0100 CET INFO - 0.1.2*86(22-08-01 00:00)
2023-01-25 11:46:13.728083555 +0100 CET INFO - 0.1.2*85(22-07-01 00:00)
2023-01-25 11:46:13.747935136 +0100 CET INFO - 0.1.2*84(22-06-01 00:00)
2023-01-25 11:46:13.768839727 +0100 CET INFO - 0.1.2*83(22-05-01 00:00)
2023-01-25 11:46:13.787944346 +0100 CET INFO - 0.1.2*82(22-04-01 00:00)
2023-01-25 11:46:13.810491694 +0100 CET INFO - 0.1.2*81(22-03-01 00:00)
2023-01-25 11:46:13.828718677 +0100 CET INFO - 0.1.2*80(22-02-01 00:00)
2023-01-25 11:46:13.848114678 +0100 CET INFO - 0.1.2*79(22-01-01 00:00)
2023-01-25 11:46:13.867626896 +0100 CET INFO - 0.1.2*78(21-12-01 00:00)
2023-01-25 11:46:13.889185210 +0100 CET INFO - 0.1.2*77(21-11-01 00:00)
2023-01-25 11:46:13.904361069 +0100 CET INFO - 1.2.0(131.390*kW)
2023-01-25 11:46:13.922732974 +0100 CET INFO - 2.2.0(0.000*kW)
2023-01-25 11:46:13.940475113 +0100 CET INFO - 1.4.0(01  0.015*kW)
2023-01-25 11:46:13.952244631 +0100 CET INFO - 2.4.0(01  0.000*kW)
2023-01-25 11:46:13.971299733 +0100 CET INFO - 1.6.0(13.473*kW)(23-01-13 02:30)
2023-01-25 11:46:13.992710260 +0100 CET INFO - 1.6.0*91(13.502)(22-12-17 02:30)
2023-01-25 11:46:14.012581257 +0100 CET INFO - 1.6.0*90(13.628)(22-11-17 02:30)
2023-01-25 11:46:14.032873543 +0100 CET INFO - 1.6.0*89(13.657)(22-10-21 02:30)
2023-01-25 11:46:14.052405875 +0100 CET INFO - 1.6.0*88(11.437)(22-09-28 02:30)
2023-01-25 11:46:14.070532495 +0100 CET INFO - 1.6.0*87(8.561)(22-08-12 23:00)
2023-01-25 11:46:14.090189007 +0100 CET INFO - 1.6.0*86(10.031)(22-07-13 02:30)
2023-01-25 11:46:14.112838884 +0100 CET INFO - 1.6.0*85(10.603)(22-06-04 02:30)
2023-01-25 11:46:14.133988202 +0100 CET INFO - 1.6.0*84(12.726)(22-05-03 02:30)
2023-01-25 11:46:14.151862133 +0100 CET INFO - 1.6.0*83(13.514)(22-04-06 02:30)
2023-01-25 11:46:14.171594423 +0100 CET INFO - 1.6.0*82(13.288)(22-03-07 02:30)
2023-01-25 11:46:14.193932175 +0100 CET INFO - 1.6.0*81(13.511)(22-02-24 02:15)
2023-01-25 11:46:14.212778938 +0100 CET INFO - 1.6.0*80(13.580)(22-01-26 05:30)
2023-01-25 11:46:14.232229136 +0100 CET INFO - 1.6.0*79(13.481)(21-12-08 02:15)
2023-01-25 11:46:14.252781932 +0100 CET INFO - 1.6.0*78(13.457)(21-11-25 02:30)
2023-01-25 11:46:14.272920565 +0100 CET INFO - 1.6.0*77(13.464)(21-10-20 02:45)
2023-01-25 11:46:14.291880401 +0100 CET INFO - 2.6.0(0.000*kW)(05-01-01 00:00)
2023-01-25 11:46:14.312455407 +0100 CET INFO - 2.6.0*91(0.000)(05-01-01 00:00)
2023-01-25 11:46:14.332209489 +0100 CET INFO - 2.6.0*90(0.000)(05-01-01 00:00)
2023-01-25 11:46:14.352543679 +0100 CET INFO - 2.6.0*89(0.000)(05-01-01 00:00)
2023-01-25 11:46:14.372250198 +0100 CET INFO - 2.6.0*88(0.000)(05-01-01 00:00)
2023-01-25 11:46:14.392249565 +0100 CET INFO - 2.6.0*87(0.000)(05-01-01 00:00)
2023-01-25 11:46:14.412448262 +0100 CET INFO - 2.6.0*86(0.000)(05-01-01 00:00)
2023-01-25 11:46:14.431335952 +0100 CET INFO - 2.6.0*85(0.000)(05-01-01 00:00)
2023-01-25 11:46:14.452541982 +0100 CET INFO - 2.6.0*84(0.000)(05-01-01 00:00)
2023-01-25 11:46:14.471355010 +0100 CET INFO - 2.6.0*83(0.000)(05-01-01 00:00)
2023-01-25 11:46:14.491317291 +0100 CET INFO - 2.6.0*82(0.000)(05-01-01 00:00)
2023-01-25 11:46:14.511955923 +0100 CET INFO - 2.6.0*81(0.000)(05-01-01 00:00)
2023-01-25 11:46:14.532488465 +0100 CET INFO - 2.6.0*80(0.000)(05-01-01 00:00)
2023-01-25 11:46:14.552244572 +0100 CET INFO - 2.6.0*79(0.000)(05-01-01 00:00)
2023-01-25 11:46:14.572517930 +0100 CET INFO - 2.6.0*78(0.000)(05-01-01 00:00)
2023-01-25 11:46:14.591400521 +0100 CET INFO - 2.6.0*77(0.000)(05-01-01 00:00)
2023-01-25 11:46:14.606989567 +0100 CET INFO - 1.8.0(132365.912*kWh)
2023-01-25 11:46:14.625782551 +0100 CET INFO - 1.8.0*91(130649.553)
2023-01-25 11:46:14.646271162 +0100 CET INFO - 1.8.0*90(128386.845)
2023-01-25 11:46:14.665828498 +0100 CET INFO - 1.8.0*89(127127.884)
2023-01-25 11:46:14.686161920 +0100 CET INFO - 1.8.0*88(126476.102)
2023-01-25 11:46:14.706096194 +0100 CET INFO - 1.8.0*87(125954.786)
2023-01-25 11:46:14.725323107 +0100 CET INFO - 1.8.0*86(125634.159)
2023-01-25 11:46:14.746537588 +0100 CET INFO - 1.8.0*85(125342.038)
2023-01-25 11:46:14.765973259 +0100 CET INFO - 1.8.0*84(124851.290)
2023-01-25 11:46:14.786376733 +0100 CET INFO - 1.8.0*83(124091.875)
2023-01-25 11:46:14.808985892 +0100 CET INFO - 1.8.0*82(122772.320)
2023-01-25 11:46:14.825374629 +0100 CET INFO - 1.8.0*81(120892.394)
2023-01-25 11:46:14.846513262 +0100 CET INFO - 1.8.0*80(118840.380)
2023-01-25 11:46:14.866544128 +0100 CET INFO - 1.8.0*79(116056.143)
2023-01-25 11:46:14.885505501 +0100 CET INFO - 1.8.0*78(113555.911)
2023-01-25 11:46:14.906271804 +0100 CET INFO - 1.8.0*77(111601.594)
2023-01-25 11:46:14.925303439 +0100 CET INFO - 1.8.1(46546.582*kWh)
2023-01-25 11:46:14.946192385 +0100 CET INFO - 1.8.1*91(45923.573)
2023-01-25 11:46:14.965543967 +0100 CET INFO - 1.8.1*90(45089.960)
2023-01-25 11:46:14.984793159 +0100 CET INFO - 1.8.1*89(44658.705)
2023-01-25 11:46:15.005504637 +0100 CET INFO - 1.8.1*88(44487.135)
2023-01-25 11:46:15.024683149 +0100 CET INFO - 1.8.1*87(44347.696)
2023-01-25 11:46:15.044470755 +0100 CET INFO - 1.8.1*86(44307.956)
2023-01-25 11:46:15.063842521 +0100 CET INFO - 1.8.1*85(44282.161)
2023-01-25 11:46:15.075347547 +0100 CET INFO - 1.8.1*84(44208.759)
2023-01-25 11:46:15.087419203 +0100 CET INFO - 1.8.1*83(44042.843)
2023-01-25 11:46:15.105636897 +0100 CET INFO - 1.8.1*82(43625.069)
2023-01-25 11:46:15.124905157 +0100 CET INFO - 1.8.1*81(42968.698)
2023-01-25 11:46:15.144387133 +0100 CET INFO - 1.8.1*80(42204.137)
2023-01-25 11:46:15.164143450 +0100 CET INFO - 1.8.1*79(41160.834)
2023-01-25 11:46:15.184428262 +0100 CET INFO - 1.8.1*78(40189.002)
2023-01-25 11:46:15.204180667 +0100 CET INFO - 1.8.1*77(39443.990)
2023-01-25 11:46:15.224251972 +0100 CET INFO - 1.8.2(85819.329*kWh)
2023-01-25 11:46:15.240067376 +0100 CET INFO - 1.8.2*91(84725.979)
2023-01-25 11:46:15.252063392 +0100 CET INFO - 1.8.2*90(83296.884)
2023-01-25 11:46:15.264238275 +0100 CET INFO - 1.8.2*89(82469.178)
2023-01-25 11:46:15.282524484 +0100 CET INFO - 1.8.2*88(81988.966)
2023-01-25 11:46:15.294421744 +0100 CET INFO - 1.8.2*87(81607.089)
2023-01-25 11:46:15.307534396 +0100 CET INFO - 1.8.2*86(81326.202)
2023-01-25 11:46:15.326453445 +0100 CET INFO - 1.8.2*85(81059.876)
2023-01-25 11:46:15.345254601 +0100 CET INFO - 1.8.2*84(80642.530)
2023-01-25 11:46:15.366541298 +0100 CET INFO - 1.8.2*83(80049.031)
2023-01-25 11:46:15.386268142 +0100 CET INFO - 1.8.2*82(79147.250)
2023-01-25 11:46:15.406246067 +0100 CET INFO - 1.8.2*81(77923.695)
2023-01-25 11:46:15.426434218 +0100 CET INFO - 1.8.2*80(76636.242)
2023-01-25 11:46:15.445150515 +0100 CET INFO - 1.8.2*79(74895.308)
2023-01-25 11:46:15.464466966 +0100 CET INFO - 1.8.2*78(73366.908)
2023-01-25 11:46:15.483705473 +0100 CET INFO - 1.8.2*77(72157.603)
2023-01-25 11:46:15.493855003 +0100 CET INFO - 1.8.3(0.000*kWh)
2023-01-25 11:46:15.504797101 +0100 CET INFO - 1.8.3*91(0.000)
2023-01-25 11:46:15.522171382 +0100 CET INFO - 1.8.3*90(0.000)
2023-01-25 11:46:15.532404652 +0100 CET INFO - 1.8.3*89(0.000)
2023-01-25 11:46:15.544640088 +0100 CET INFO - 1.8.3*88(0.000)
2023-01-25 11:46:15.562536019 +0100 CET INFO - 1.8.3*87(0.000)
2023-01-25 11:46:15.581671090 +0100 CET INFO - 1.8.3*86(0.000)
2023-01-25 11:46:15.592158726 +0100 CET INFO - 1.8.3*85(0.000)
2023-01-25 11:46:15.603187289 +0100 CET INFO - 1.8.3*84(0.000)
2023-01-25 11:46:15.613572606 +0100 CET INFO - 1.8.3*83(0.000)
2023-01-25 11:46:15.624959529 +0100 CET INFO - 1.8.3*82(0.000)
2023-01-25 11:46:15.643511697 +0100 CET INFO - 1.8.3*81(0.000)
2023-01-25 11:46:15.652876481 +0100 CET INFO - 1.8.3*80(0.000)
2023-01-25 11:46:15.664270738 +0100 CET INFO - 1.8.3*79(0.000)
2023-01-25 11:46:15.681679799 +0100 CET INFO - 1.8.3*78(0.000)
2023-01-25 11:46:15.691862155 +0100 CET INFO - 1.8.3*77(0.000)
2023-01-25 11:46:15.704972154 +0100 CET INFO - 1.8.4(0.000*kWh)
2023-01-25 11:46:15.722211848 +0100 CET INFO - 1.8.4*91(0.000)
2023-01-25 11:46:15.732472078 +0100 CET INFO - 1.8.4*90(0.000)
2023-01-25 11:46:15.743399789 +0100 CET INFO - 1.8.4*89(0.000)
2023-01-25 11:46:15.753206324 +0100 CET INFO - 1.8.4*88(0.000)
2023-01-25 11:46:15.764262266 +0100 CET INFO - 1.8.4*87(0.000)
2023-01-25 11:46:15.783142413 +0100 CET INFO - 1.8.4*86(0.000)
2023-01-25 11:46:15.804309960 +0100 CET INFO - 1.8.4*85(0.000)
2023-01-25 11:46:15.822204075 +0100 CET INFO - 1.8.4*84(0.000)
2023-01-25 11:46:15.832521715 +0100 CET INFO - 1.8.4*83(0.000)
2023-01-25 11:46:15.843684445 +0100 CET INFO - 1.8.4*82(0.000)
2023-01-25 11:46:15.862468559 +0100 CET INFO - 1.8.4*81(0.000)
2023-01-25 11:46:15.873614666 +0100 CET INFO - 1.8.4*80(0.000)
2023-01-25 11:46:15.884851708 +0100 CET INFO - 1.8.4*79(0.000)
2023-01-25 11:46:15.902544329 +0100 CET INFO - 1.8.4*78(0.000)
2023-01-25 11:46:15.913198608 +0100 CET INFO - 1.8.4*77(0.000)
2023-01-25 11:46:15.925235273 +0100 CET INFO - 1.8.5(0.000*kWh)
2023-01-25 11:46:15.943428941 +0100 CET INFO - 1.8.5*91(0.000)
2023-01-25 11:46:15.962569879 +0100 CET INFO - 1.8.5*90(0.000)
2023-01-25 11:46:15.981902463 +0100 CET INFO - 1.8.5*89(0.000)
2023-01-25 11:46:15.992234002 +0100 CET INFO - 1.8.5*88(0.000)
2023-01-25 11:46:16.004420059 +0100 CET INFO - 1.8.5*87(0.000)
2023-01-25 11:46:16.022245939 +0100 CET INFO - 1.8.5*86(0.000)
2023-01-25 11:46:16.032327722 +0100 CET INFO - 1.8.5*85(0.000)
2023-01-25 11:46:16.043394349 +0100 CET INFO - 1.8.5*84(0.000)
2023-01-25 11:46:16.062435482 +0100 CET INFO - 1.8.5*83(0.000)
2023-01-25 11:46:16.081623493 +0100 CET INFO - 1.8.5*82(0.000)
2023-01-25 11:46:16.091632431 +0100 CET INFO - 1.8.5*81(0.000)
2023-01-25 11:46:16.103132708 +0100 CET INFO - 1.8.5*80(0.000)
2023-01-25 11:46:16.113586331 +0100 CET INFO - 1.8.5*79(0.000)
2023-01-25 11:46:16.125183549 +0100 CET INFO - 1.8.5*78(0.000)
2023-01-25 11:46:16.143826582 +0100 CET INFO - 1.8.5*77(0.000)
2023-01-25 11:46:16.153098615 +0100 CET INFO - 1.8.6(0.001*kWh)
2023-01-25 11:46:16.163976878 +0100 CET INFO - 1.8.6*91(0.001)
2023-01-25 11:46:16.182265392 +0100 CET INFO - 1.8.6*90(0.001)
2023-01-25 11:46:16.193235567 +0100 CET INFO - 1.8.6*89(0.001)
2023-01-25 11:46:16.205665723 +0100 CET INFO - 1.8.6*88(0.001)
2023-01-25 11:46:16.224073178 +0100 CET INFO - 1.8.6*87(0.001)
2023-01-25 11:46:16.242747710 +0100 CET INFO - 1.8.6*86(0.001)
2023-01-25 11:46:16.251986079 +0100 CET INFO - 1.8.6*85(0.001)
2023-01-25 11:46:16.264250639 +0100 CET INFO - 1.8.6*84(0.001)
2023-01-25 11:46:16.282497038 +0100 CET INFO - 1.8.6*83(0.001)
2023-01-25 11:46:16.293445003 +0100 CET INFO - 1.8.6*82(0.001)
2023-01-25 11:46:16.305540894 +0100 CET INFO - 1.8.6*81(0.001)
2023-01-25 11:46:16.323908400 +0100 CET INFO - 1.8.6*80(0.001)
2023-01-25 11:46:16.342811316 +0100 CET INFO - 1.8.6*79(0.001)
2023-01-25 11:46:16.351854057 +0100 CET INFO - 1.8.6*78(0.001)
2023-01-25 11:46:16.363151792 +0100 CET INFO - 1.8.6*77(0.001)
2023-01-25 11:46:16.373916841 +0100 CET INFO - 2.8.0(0.000*kWh)
2023-01-25 11:46:16.385492477 +0100 CET INFO - 2.8.0*91(0.000)
2023-01-25 11:46:16.402590253 +0100 CET INFO - 2.8.0*90(0.000)
2023-01-25 11:46:16.413514193 +0100 CET INFO - 2.8.0*89(0.000)
2023-01-25 11:46:16.425126566 +0100 CET INFO - 2.8.0*88(0.000)
2023-01-25 11:46:16.442896363 +0100 CET INFO - 2.8.0*87(0.000)
2023-01-25 11:46:16.452140110 +0100 CET INFO - 2.8.0*86(0.000)
2023-01-25 11:46:16.463078228 +0100 CET INFO - 2.8.0*85(0.000)
2023-01-25 11:46:16.473581857 +0100 CET INFO - 2.8.0*84(0.000)
2023-01-25 11:46:16.485554966 +0100 CET INFO - 2.8.0*83(0.000)
2023-01-25 11:46:16.502421564 +0100 CET INFO - 2.8.0*82(0.000)
2023-01-25 11:46:16.513229147 +0100 CET INFO - 2.8.0*81(0.000)
2023-01-25 11:46:16.525101123 +0100 CET INFO - 2.8.0*80(0.000)
2023-01-25 11:46:16.552258891 +0100 CET INFO - 2.8.0*79(0.000)
2023-01-25 11:46:16.552366867 +0100 CET INFO - 2.8.0*78(0.000)
2023-01-25 11:46:16.564275511 +0100 CET INFO - 2.8.0*77(0.000)
2023-01-25 11:46:16.582889909 +0100 CET INFO - 2.8.1(0.000*kWh)
2023-01-25 11:46:16.593382364 +0100 CET INFO - 2.8.1*91(0.000)
2023-01-25 11:46:16.604419308 +0100 CET INFO - 2.8.1*90(0.000)
2023-01-25 11:46:16.622221651 +0100 CET INFO - 2.8.1*89(0.000)
2023-01-25 11:46:16.632525323 +0100 CET INFO - 2.8.1*88(0.000)
2023-01-25 11:46:16.644611715 +0100 CET INFO - 2.8.1*87(0.000)
2023-01-25 11:46:16.662495634 +0100 CET INFO - 2.8.1*86(0.000)
2023-01-25 11:46:16.673417478 +0100 CET INFO - 2.8.1*85(0.000)
2023-01-25 11:46:16.684525452 +0100 CET INFO - 2.8.1*84(0.000)
2023-01-25 11:46:16.702546960 +0100 CET INFO - 2.8.1*83(0.000)
2023-01-25 11:46:16.713059599 +0100 CET INFO - 2.8.1*82(0.000)
2023-01-25 11:46:16.724553870 +0100 CET INFO - 2.8.1*81(0.000)
2023-01-25 11:46:16.742395324 +0100 CET INFO - 2.8.1*80(0.000)
2023-01-25 11:46:16.752142983 +0100 CET INFO - 2.8.1*79(0.000)
2023-01-25 11:46:16.764221622 +0100 CET INFO - 2.8.1*78(0.000)
2023-01-25 11:46:16.783191237 +0100 CET INFO - 2.8.1*77(0.000)
2023-01-25 11:46:16.805080812 +0100 CET INFO - 2.8.2(0.000*kWh)
2023-01-25 11:46:16.822221401 +0100 CET INFO - 2.8.2*91(0.000)
2023-01-25 11:46:16.832413116 +0100 CET INFO - 2.8.2*90(0.000)
2023-01-25 11:46:16.844706241 +0100 CET INFO - 2.8.2*89(0.000)
2023-01-25 11:46:16.862924494 +0100 CET INFO - 2.8.2*88(0.000)
2023-01-25 11:46:16.873518499 +0100 CET INFO - 2.8.2*87(0.000)
2023-01-25 11:46:16.884988115 +0100 CET INFO - 2.8.2*86(0.000)
2023-01-25 11:46:16.902607821 +0100 CET INFO - 2.8.2*85(0.000)
2023-01-25 11:46:16.912524707 +0100 CET INFO - 2.8.2*84(0.000)
2023-01-25 11:46:16.924164668 +0100 CET INFO - 2.8.2*83(0.000)
2023-01-25 11:46:16.942900661 +0100 CET INFO - 2.8.2*82(0.000)
2023-01-25 11:46:16.952645526 +0100 CET INFO - 2.8.2*81(0.000)
2023-01-25 11:46:16.964140076 +0100 CET INFO - 2.8.2*80(0.000)
2023-01-25 11:46:16.982104173 +0100 CET INFO - 2.8.2*79(0.000)
2023-01-25 11:46:16.992299171 +0100 CET INFO - 2.8.2*78(0.000)
2023-01-25 11:46:17.004584823 +0100 CET INFO - 2.8.2*77(0.000)
2023-01-25 11:46:17.022809920 +0100 CET INFO - 2.8.3(0.000*kWh)
2023-01-25 11:46:17.033588658 +0100 CET INFO - 2.8.3*91(0.000)
2023-01-25 11:46:17.045528941 +0100 CET INFO - 2.8.3*90(0.000)
2023-01-25 11:46:17.062584741 +0100 CET INFO - 2.8.3*89(0.000)
2023-01-25 11:46:17.073530961 +0100 CET INFO - 2.8.3*88(0.000)
2023-01-25 11:46:17.085017199 +0100 CET INFO - 2.8.3*87(0.000)
2023-01-25 11:46:17.102574676 +0100 CET INFO - 2.8.3*86(0.000)
2023-01-25 11:46:17.113085569 +0100 CET INFO - 2.8.3*85(0.000)
2023-01-25 11:46:17.124742223 +0100 CET INFO - 2.8.3*84(0.000)
2023-01-25 11:46:17.143080954 +0100 CET INFO - 2.8.3*83(0.000)
2023-01-25 11:46:17.153268478 +0100 CET INFO - 2.8.3*82(0.000)
2023-01-25 11:46:17.164140176 +0100 CET INFO - 2.8.3*81(0.000)
2023-01-25 11:46:17.183301926 +0100 CET INFO - 2.8.3*80(0.000)
2023-01-25 11:46:17.193541762 +0100 CET INFO - 2.8.3*79(0.000)
2023-01-25 11:46:17.205611882 +0100 CET INFO - 2.8.3*78(0.000)
2023-01-25 11:46:17.224070462 +0100 CET INFO - 2.8.3*77(0.000)
2023-01-25 11:46:17.234633527 +0100 CET INFO - 2.8.4(0.000*kWh)
2023-01-25 11:46:17.245628706 +0100 CET INFO - 2.8.4*91(0.000)
2023-01-25 11:46:17.264197008 +0100 CET INFO - 2.8.4*90(0.000)
2023-01-25 11:46:17.283327469 +0100 CET INFO - 2.8.4*89(0.000)
2023-01-25 11:46:17.294761815 +0100 CET INFO - 2.8.4*88(0.000)
2023-01-25 11:46:17.306138681 +0100 CET INFO - 2.8.4*87(0.000)
2023-01-25 11:46:17.324007933 +0100 CET INFO - 2.8.4*86(0.000)
2023-01-25 11:46:17.333864336 +0100 CET INFO - 2.8.4*85(0.000)
2023-01-25 11:46:17.345611505 +0100 CET INFO - 2.8.4*84(0.000)
2023-01-25 11:46:17.365551506 +0100 CET INFO - 2.8.4*83(0.000)
2023-01-25 11:46:17.383317811 +0100 CET INFO - 2.8.4*82(0.000)
2023-01-25 11:46:17.394960287 +0100 CET INFO - 2.8.4*81(0.000)
2023-01-25 11:46:17.406428995 +0100 CET INFO - 2.8.4*80(0.000)
2023-01-25 11:46:17.424164010 +0100 CET INFO - 2.8.4*79(0.000)
2023-01-25 11:46:17.434056312 +0100 CET INFO - 2.8.4*78(0.000)
2023-01-25 11:46:17.445688311 +0100 CET INFO - 2.8.4*77(0.000)
2023-01-25 11:46:17.463153247 +0100 CET INFO - 2.8.5(0.000*kWh)
2023-01-25 11:46:17.473671194 +0100 CET INFO - 2.8.5*91(0.000)
2023-01-25 11:46:17.485075159 +0100 CET INFO - 2.8.5*90(0.000)
2023-01-25 11:46:17.503481707 +0100 CET INFO - 2.8.5*89(0.000)
2023-01-25 11:46:17.513123415 +0100 CET INFO - 2.8.5*88(0.000)
2023-01-25 11:46:17.524285376 +0100 CET INFO - 2.8.5*87(0.000)
2023-01-25 11:46:17.534067816 +0100 CET INFO - 2.8.5*86(0.000)
2023-01-25 11:46:17.545648621 +0100 CET INFO - 2.8.5*85(0.000)
2023-01-25 11:46:17.562697856 +0100 CET INFO - 2.8.5*84(0.000)
2023-01-25 11:46:17.573563129 +0100 CET INFO - 2.8.5*83(0.000)
2023-01-25 11:46:17.585108803 +0100 CET INFO - 2.8.5*82(0.000)
2023-01-25 11:46:17.603550481 +0100 CET INFO - 2.8.5*81(0.000)
2023-01-25 11:46:17.622436425 +0100 CET INFO - 2.8.5*80(0.000)
2023-01-25 11:46:17.633559136 +0100 CET INFO - 2.8.5*79(0.000)
2023-01-25 11:46:17.644440053 +0100 CET INFO - 2.8.5*78(0.000)
2023-01-25 11:46:17.662368321 +0100 CET INFO - 2.8.5*77(0.000)
2023-01-25 11:46:17.674167383 +0100 CET INFO - 2.8.6(0.000*kWh)
2023-01-25 11:46:17.684892133 +0100 CET INFO - 2.8.6*91(0.000)
2023-01-25 11:46:17.703012538 +0100 CET INFO - 2.8.6*90(0.000)
2023-01-25 11:46:17.713118277 +0100 CET INFO - 2.8.6*89(0.000)
2023-01-25 11:46:17.724077556 +0100 CET INFO - 2.8.6*88(0.000)
2023-01-25 11:46:17.733904695 +0100 CET INFO - 2.8.6*87(0.000)
2023-01-25 11:46:17.745447297 +0100 CET INFO - 2.8.6*86(0.000)
2023-01-25 11:46:17.762672045 +0100 CET INFO - 2.8.6*85(0.000)
2023-01-25 11:46:17.772996111 +0100 CET INFO - 2.8.6*84(0.000)
2023-01-25 11:46:17.787690688 +0100 CET INFO - 2.8.6*83(0.000)
2023-01-25 11:46:17.805434504 +0100 CET INFO - 2.8.6*82(0.000)
2023-01-25 11:46:17.823727627 +0100 CET INFO - 2.8.6*81(0.000)
2023-01-25 11:46:17.833791461 +0100 CET INFO - 2.8.6*80(0.000)
2023-01-25 11:46:17.844432051 +0100 CET INFO - 2.8.6*79(0.000)
2023-01-25 11:46:17.862646324 +0100 CET INFO - 2.8.6*78(0.000)
2023-01-25 11:46:17.872324698 +0100 CET INFO - 2.8.6*77(0.000)
2023-01-25 11:46:17.889347324 +0100 CET INFO - 3.8.1(107546.336*kvarh)
2023-01-25 11:46:17.907235224 +0100 CET INFO - 3.8.1*91(106043.790)
2023-01-25 11:46:17.927985255 +0100 CET INFO - 3.8.1*90(104041.829)
2023-01-25 11:46:17.947558306 +0100 CET INFO - 3.8.1*89(102999.451)
2023-01-25 11:46:17.966905347 +0100 CET INFO - 3.8.1*88(102545.219)
2023-01-25 11:46:17.987676121 +0100 CET INFO - 3.8.1*87(102201.420)
2023-01-25 11:46:18.007311402 +0100 CET INFO - 3.8.1*86(102051.349)
2023-01-25 11:46:18.028130297 +0100 CET INFO - 3.8.1*85(101922.873)
2023-01-25 11:46:18.047007232 +0100 CET INFO - 3.8.1*84(101782.897)
2023-01-25 11:46:18.066777657 +0100 CET INFO - 3.8.1*83(101474.796)
2023-01-25 11:46:18.087669607 +0100 CET INFO - 3.8.1*82(100390.617)
2023-01-25 11:46:18.107596827 +0100 CET INFO - 3.8.1*81(98736.546)
2023-01-25 11:46:18.127560366 +0100 CET INFO - 3.8.1*80(96939.721)
2023-01-25 11:46:18.146937370 +0100 CET INFO - 3.8.1*79(94436.519)
2023-01-25 11:46:18.166280431 +0100 CET INFO - 3.8.1*78(92240.459)
2023-01-25 11:46:18.187323031 +0100 CET INFO - 3.8.1*77(90555.926)
2023-01-25 11:46:18.206865910 +0100 CET INFO - 4.8.1(0.035*kvarh)
2023-01-25 11:46:18.225401037 +0100 CET INFO - 4.8.1*91(0.035)
2023-01-25 11:46:18.243033594 +0100 CET INFO - 4.8.1*90(0.035)
2023-01-25 11:46:18.254105180 +0100 CET INFO - 4.8.1*89(0.035)
2023-01-25 11:46:18.265678303 +0100 CET INFO - 4.8.1*88(0.035)
2023-01-25 11:46:18.283221671 +0100 CET INFO - 4.8.1*87(0.035)
2023-01-25 11:46:18.294400116 +0100 CET INFO - 4.8.1*86(0.035)
2023-01-25 11:46:18.305771814 +0100 CET INFO - 4.8.1*85(0.035)
2023-01-25 11:46:18.323573948 +0100 CET INFO - 4.8.1*84(0.035)
2023-01-25 11:46:18.333928395 +0100 CET INFO - 4.8.1*83(0.035)
2023-01-25 11:46:18.345623322 +0100 CET INFO - 4.8.1*82(0.035)
2023-01-25 11:46:18.363327746 +0100 CET INFO - 4.8.1*81(0.035)
2023-01-25 11:46:18.373613818 +0100 CET INFO - 4.8.1*80(0.035)
2023-01-25 11:46:18.383712852 +0100 CET INFO - 4.8.1*79(0.035)
2023-01-25 11:46:18.394405894 +0100 CET INFO - 4.8.1*78(0.035)
2023-01-25 11:46:18.405692105 +0100 CET INFO - 4.8.1*77(0.035)
2023-01-25 11:46:18.423583287 +0100 CET INFO - 0.9.1(11:46:19)
2023-01-25 11:46:18.433599768 +0100 CET INFO - 0.9.2(23-01-25)
2023-01-25 11:46:18.457946180 +0100 CET INFO - 0.2.0(06.002   0998 721B)(15-03-26 11:29)
2023-01-25 11:46:18.469358596 +0100 CET INFO - C.60.5.1(C.01)
2023-01-25 11:46:18.500789935 +0100 CET INFO - C.60.5.2(07.050   0000 39D4)(17-12-17 06:04)
2023-01-25 11:46:18.511096540 +0100 CET INFO - 1.7.0(0.210*kW)
2023-01-25 11:46:18.525600239 +0100 CET INFO - 2.7.0(0.000*kW)
2023-01-25 11:46:18.544307807 +0100 CET INFO - 3.7.0(0.158*kvar)
2023-01-25 11:46:18.555732654 +0100 CET INFO - 4.7.0(0.005*kvar)
2023-01-25 11:46:18.565180131 +0100 CET INFO - 14.7(49.97*Hz)
2023-01-25 11:46:18.582100089 +0100 CET INFO - 32.7(238.3*V)
2023-01-25 11:46:18.592472974 +0100 CET INFO - 52.7(237.5*V)
2023-01-25 11:46:18.603512852 +0100 CET INFO - 72.7(239.0*V)
2023-01-25 11:46:18.612826860 +0100 CET INFO - 31.7(0.06*A)
2023-01-25 11:46:18.621536874 +0100 CET INFO - 51.7(0.49*A)
2023-01-25 11:46:18.630058314 +0100 CET INFO - 71.7(0.66*A)
2023-01-25 11:46:18.638106503 +0100 CET INFO - 91.7(0.91*A)
2023-01-25 11:46:18.650101892 +0100 CET INFO - 81.7.4(-26.7*Deg)
2023-01-25 11:46:18.666090434 +0100 CET INFO - 81.7.15(63.9*Deg)
2023-01-25 11:46:18.694728367 +0100 CET INFO - 81.7.26(20.1*Deg)
2023-01-25 11:46:18.694883906 +0100 CET INFO - 81.7.1(120.2*Deg)
2023-01-25 11:46:18.706171793 +0100 CET INFO - 81.7.12(119.6*Deg)
2023-01-25 11:46:18.725037902 +0100 CET INFO - 81.7.20(120.1*Deg)
2023-01-25 11:46:18.748808605 +0100 CET INFO - 32.36.0(0)(05-01-01 00:00)
2023-01-25 11:46:18.771258594 +0100 CET INFO - 52.36.0(0)(05-01-01 00:00)
2023-01-25 11:46:18.791822915 +0100 CET INFO - 72.36.0(0)(05-01-01 00:00)
2023-01-25 11:46:18.813843095 +0100 CET INFO - 32.32.0(0)(05-01-01 00:00)
2023-01-25 11:46:18.831035088 +0100 CET INFO - 52.32.0(0)(05-01-01 00:00)
2023-01-25 11:46:18.851232807 +0100 CET INFO - 72.32.0(0)(05-01-01 00:00)
2023-01-25 11:46:18.868969638 +0100 CET INFO - C.2.1(15-03-26 14:27)
2023-01-25 11:46:18.889801245 +0100 CET INFO - C.7.0(8)(21-08-04 13:50)
2023-01-25 11:46:18.909623493 +0100 CET INFO - C.7.1(1)(18-05-25 10:43)
2023-01-25 11:46:18.931199267 +0100 CET INFO - C.7.2(1)(15-08-05 15:26)
2023-01-25 11:46:18.950063141 +0100 CET INFO - C.7.3(1)(15-08-05 15:26)
2023-01-25 11:46:18.962151420 +0100 CET INFO - C.C.1(0)
2023-01-25 11:46:18.971941263 +0100 CET INFO - C.1.8.1(0.0*kW)
2023-01-25 11:46:18.985113770 +0100 CET INFO - C.1.8.2(0.0*kW)
2023-01-25 11:46:19.002928126 +0100 CET INFO - C.1.8.3(0.0*kW)
2023-01-25 11:46:19.013013960 +0100 CET INFO - C.1.8.4(0.0*kW)
2023-01-25 11:46:19.025690938 +0100 CET INFO - C.1.8.5(0.0*kW)
2023-01-25 11:46:19.043319025 +0100 CET INFO - C.1.8.6(0.0*kW)
2023-01-25 11:46:19.054352757 +0100 CET INFO - C.2.8.1(0.0*kW)
2023-01-25 11:46:19.067010598 +0100 CET INFO - C.2.8.2(0.0*kW)
2023-01-25 11:46:19.085060183 +0100 CET INFO - C.2.8.3(0.0*kW)
2023-01-25 11:46:19.095017926 +0100 CET INFO - C.2.8.4(0.0*kW)
2023-01-25 11:46:19.105981676 +0100 CET INFO - C.2.8.5(0.0*kW)
2023-01-25 11:46:19.123936764 +0100 CET INFO - C.2.8.6(0.0*kW)
2023-01-25 11:46:19.130115210 +0100 CET INFO - C.70.2()
2023-01-25 11:46:19.141946399 +0100 CET INFO - C.71.1(1)
2023-01-25 11:46:19.151087199 +0100 CET INFO - C.71.2(120*A)
2023-01-25 11:46:19.162466161 +0100 CET INFO - C.71.3(0)
2023-01-25 11:46:19.169746226 +0100 CET INFO - C.71.4(0)
2023-01-25 11:46:19.182023707 +0100 CET INFO - C.71.5(5)
2023-01-25 11:46:19.208256276 +0100 CET INFO - C.60.4.1(05912 001 0998 109A)(15-03-26 14:25)
2023-01-25 11:46:19.242058337 +0100 CET INFO - C.60.4.2(05902 001 0998 0000)(15-03-26 14:26)
2023-01-25 11:46:19.268135997 +0100 CET INFO - C.60.4.3(05912 001 0998 002F)(15-03-26 14:26)
2023-01-25 11:46:19.301082422 +0100 CET INFO - C.60.4.4(05903 001 0998 000F)(15-03-26 14:26)
2023-01-25 11:46:19.327656031 +0100 CET INFO - C.60.4.5(05904 001 0998 0027)(15-03-26 14:26)
2023-01-25 11:46:19.360870440 +0100 CET INFO - C.60.4.6(05905 001 0998 003F)(15-03-26 14:27)
2023-01-25 11:46:19.386435109 +0100 CET INFO - C.60.4.7(05906 001 0998 0029)(15-03-26 14:27)
2023-01-25 11:46:19.421258402 +0100 CET INFO - C.60.4.11(05907 001 0998 0000)(15-03-26 14:27)
2023-01-25 11:46:19.447487758 +0100 CET INFO - C.60.4.13(00000 000 0000 00FF)(05-01-01 00:00)
2023-01-25 11:46:19.482130090 +0100 CET INFO - C.60.4.14(00001 001 5535 073A)(05-01-01 00:00)
2023-01-25 11:46:19.508696505 +0100 CET INFO - C.60.4.15(00001 001 5535 0000)(05-01-01 00:00)
2023-01-25 11:46:19.542159343 +0100 CET INFO - C.60.4.16(00001 001 5535 0962)(05-01-01 00:00)
2023-01-25 11:46:19.545663603 +0100 CET INFO - !
